Determining if the pthread_create exist failed with the following output:
Change Dir: /home/filip/CLionProjects/FlightSimulator/cmake-build-debug/CMakeFiles/CMakeTmp

Run Build Command:"/usr/bin/make" "cmTC_14534/fast"
/usr/bin/make -f CMakeFiles/cmTC_14534.dir/build.make CMakeFiles/cmTC_14534.dir/build
make[1]: Wejście do katalogu '/home/filip/CLionProjects/FlightSimulator/cmake-build-debug/CMakeFiles/CMakeTmp'
Building C object CMakeFiles/cmTC_14534.dir/CheckSymbolExists.c.o
/usr/bin/cc    -o CMakeFiles/cmTC_14534.dir/CheckSymbolExists.c.o   -c /home/filip/CLionProjects/FlightSimulator/cmake-build-debug/CMakeFiles/CMakeTmp/CheckSymbolExists.c
Linking C executable cmTC_14534
/snap/clion/61/bin/cmake/linux/bin/cmake -E cmake_link_script CMakeFiles/cmTC_14534.dir/link.txt --verbose=1
/usr/bin/cc      -rdynamic CMakeFiles/cmTC_14534.dir/CheckSymbolExists.c.o  -o cmTC_14534 
CMakeFiles/cmTC_14534.dir/CheckSymbolExists.c.o: In function `main':
CheckSymbolExists.c:(.text+0x1b): undefined reference to `pthread_create'
collect2: error: ld returned 1 exit status
CMakeFiles/cmTC_14534.dir/build.make:86: recipe for target 'cmTC_14534' failed
make[1]: *** [cmTC_14534] Error 1
make[1]: Opuszczenie katalogu '/home/filip/CLionProjects/FlightSimulator/cmake-build-debug/CMakeFiles/CMakeTmp'
Makefile:121: recipe for target 'cmTC_14534/fast' failed
make: *** [cmTC_14534/fast] Error 2

File /home/filip/CLionProjects/FlightSimulator/cmake-build-debug/CMakeFiles/CMakeTmp/CheckSymbolExists.c:
/* */
#include <pthread.h>

int main(int argc, char** argv)
{
  (void)argv;
#ifndef pthread_create
  return ((int*)(&pthread_create))[argc];
#else
  (void)argc;
  return 0;
#endif
}

Determining if the function pthread_create exists in the pthreads failed with the following output:
Change Dir: /home/filip/CLionProjects/FlightSimulator/cmake-build-debug/CMakeFiles/CMakeTmp

Run Build Command:"/usr/bin/make" "cmTC_50fc3/fast"
/usr/bin/make -f CMakeFiles/cmTC_50fc3.dir/build.make CMakeFiles/cmTC_50fc3.dir/build
make[1]: Wejście do katalogu '/home/filip/CLionProjects/FlightSimulator/cmake-build-debug/CMakeFiles/CMakeTmp'
Building C object CMakeFiles/cmTC_50fc3.dir/CheckFunctionExists.c.o
/usr/bin/cc   -DCHECK_FUNCTION_EXISTS=pthread_create   -o CMakeFiles/cmTC_50fc3.dir/CheckFunctionExists.c.o   -c /snap/clion/61/bin/cmake/linux/share/cmake-3.13/Modules/CheckFunctionExists.c
Linking C executable cmTC_50fc3
/snap/clion/61/bin/cmake/linux/bin/cmake -E cmake_link_script CMakeFiles/cmTC_50fc3.dir/link.txt --verbose=1
/usr/bin/cc  -DCHECK_FUNCTION_EXISTS=pthread_create    -rdynamic CMakeFiles/cmTC_50fc3.dir/CheckFunctionExists.c.o  -o cmTC_50fc3 -lpthreads 
/usr/bin/ld: cannot find -lpthreads
collect2: error: ld returned 1 exit status
CMakeFiles/cmTC_50fc3.dir/build.make:86: recipe for target 'cmTC_50fc3' failed
make[1]: *** [cmTC_50fc3] Error 1
make[1]: Opuszczenie katalogu '/home/filip/CLionProjects/FlightSimulator/cmake-build-debug/CMakeFiles/CMakeTmp'
Makefile:121: recipe for target 'cmTC_50fc3/fast' failed
make: *** [cmTC_50fc3/fast] Error 2


