Determining if the pthread_create exist failed with the following output:
Change Dir: /home/filip/FlightSimulator/cmake-build-relwithdebinfo/CMakeFiles/CMakeTmp

Run Build Command(s):/usr/bin/make cmTC_e67d3/fast 
/usr/bin/make -f CMakeFiles/cmTC_e67d3.dir/build.make CMakeFiles/cmTC_e67d3.dir/build
make[1]: Wejście do katalogu '/home/filip/FlightSimulator/cmake-build-relwithdebinfo/CMakeFiles/CMakeTmp'
Building C object CMakeFiles/cmTC_e67d3.dir/CheckSymbolExists.c.o
/usr/bin/cc    -o CMakeFiles/cmTC_e67d3.dir/CheckSymbolExists.c.o   -c /home/filip/FlightSimulator/cmake-build-relwithdebinfo/CMakeFiles/CMakeTmp/CheckSymbolExists.c
Linking C executable cmTC_e67d3
/snap/clion/70/bin/cmake/linux/bin/cmake -E cmake_link_script CMakeFiles/cmTC_e67d3.dir/link.txt --verbose=1
/usr/bin/cc      -rdynamic CMakeFiles/cmTC_e67d3.dir/CheckSymbolExists.c.o  -o cmTC_e67d3 
CMakeFiles/cmTC_e67d3.dir/CheckSymbolExists.c.o: In function `main':
CheckSymbolExists.c:(.text+0x1b): undefined reference to `pthread_create'
collect2: error: ld returned 1 exit status
CMakeFiles/cmTC_e67d3.dir/build.make:86: recipe for target 'cmTC_e67d3' failed
make[1]: *** [cmTC_e67d3] Error 1
make[1]: Opuszczenie katalogu '/home/filip/FlightSimulator/cmake-build-relwithdebinfo/CMakeFiles/CMakeTmp'
Makefile:121: recipe for target 'cmTC_e67d3/fast' failed
make: *** [cmTC_e67d3/fast] Error 2

File /home/filip/FlightSimulator/cmake-build-relwithdebinfo/CMakeFiles/CMakeTmp/CheckSymbolExists.c:
/* */
#include <pthread.h>

int main(int argc, char** argv)
{
  (void)argv;
#ifndef pthread_create
  return ((int*)(&pthread_create))[argc];
#else
  (void)argc;
  return 0;
#endif
}

Determining if the function pthread_create exists in the pthreads failed with the following output:
Change Dir: /home/filip/FlightSimulator/cmake-build-relwithdebinfo/CMakeFiles/CMakeTmp

Run Build Command(s):/usr/bin/make cmTC_60a54/fast 
/usr/bin/make -f CMakeFiles/cmTC_60a54.dir/build.make CMakeFiles/cmTC_60a54.dir/build
make[1]: Wejście do katalogu '/home/filip/FlightSimulator/cmake-build-relwithdebinfo/CMakeFiles/CMakeTmp'
Building C object CMakeFiles/cmTC_60a54.dir/CheckFunctionExists.c.o
/usr/bin/cc   -DCHECK_FUNCTION_EXISTS=pthread_create   -o CMakeFiles/cmTC_60a54.dir/CheckFunctionExists.c.o   -c /snap/clion/70/bin/cmake/linux/share/cmake-3.14/Modules/CheckFunctionExists.c
Linking C executable cmTC_60a54
/snap/clion/70/bin/cmake/linux/bin/cmake -E cmake_link_script CMakeFiles/cmTC_60a54.dir/link.txt --verbose=1
/usr/bin/cc  -DCHECK_FUNCTION_EXISTS=pthread_create    -rdynamic CMakeFiles/cmTC_60a54.dir/CheckFunctionExists.c.o  -o cmTC_60a54 -lpthreads 
/usr/bin/ld: cannot find -lpthreads
collect2: error: ld returned 1 exit status
CMakeFiles/cmTC_60a54.dir/build.make:86: recipe for target 'cmTC_60a54' failed
make[1]: *** [cmTC_60a54] Error 1
make[1]: Opuszczenie katalogu '/home/filip/FlightSimulator/cmake-build-relwithdebinfo/CMakeFiles/CMakeTmp'
Makefile:121: recipe for target 'cmTC_60a54/fast' failed
make: *** [cmTC_60a54/fast] Error 2


