Determining if the pthread_create exist failed with the following output:
Change Dir: /home/filip/FlightSimulator/cmake-build-release/CMakeFiles/CMakeTmp

Run Build Command(s):/usr/bin/make cmTC_55d1a/fast 
/usr/bin/make -f CMakeFiles/cmTC_55d1a.dir/build.make CMakeFiles/cmTC_55d1a.dir/build
make[1]: Wejście do katalogu '/home/filip/FlightSimulator/cmake-build-release/CMakeFiles/CMakeTmp'
Building C object CMakeFiles/cmTC_55d1a.dir/CheckSymbolExists.c.o
/usr/bin/cc    -o CMakeFiles/cmTC_55d1a.dir/CheckSymbolExists.c.o   -c /home/filip/FlightSimulator/cmake-build-release/CMakeFiles/CMakeTmp/CheckSymbolExists.c
Linking C executable cmTC_55d1a
/snap/clion/70/bin/cmake/linux/bin/cmake -E cmake_link_script CMakeFiles/cmTC_55d1a.dir/link.txt --verbose=1
/usr/bin/cc      -rdynamic CMakeFiles/cmTC_55d1a.dir/CheckSymbolExists.c.o  -o cmTC_55d1a 
CMakeFiles/cmTC_55d1a.dir/CheckSymbolExists.c.o: In function `main':
CheckSymbolExists.c:(.text+0x1b): undefined reference to `pthread_create'
collect2: error: ld returned 1 exit status
CMakeFiles/cmTC_55d1a.dir/build.make:86: recipe for target 'cmTC_55d1a' failed
make[1]: *** [cmTC_55d1a] Error 1
make[1]: Opuszczenie katalogu '/home/filip/FlightSimulator/cmake-build-release/CMakeFiles/CMakeTmp'
Makefile:121: recipe for target 'cmTC_55d1a/fast' failed
make: *** [cmTC_55d1a/fast] Error 2

File /home/filip/FlightSimulator/cmake-build-release/CMakeFiles/CMakeTmp/CheckSymbolExists.c:
/* */
#include <pthread.h>

int main(int argc, char** argv)
{
  (void)argv;
#ifndef pthread_create
  return ((int*)(&pthread_create))[argc];
#else
  (void)argc;
  return 0;
#endif
}

Determining if the function pthread_create exists in the pthreads failed with the following output:
Change Dir: /home/filip/FlightSimulator/cmake-build-release/CMakeFiles/CMakeTmp

Run Build Command(s):/usr/bin/make cmTC_9bd08/fast 
/usr/bin/make -f CMakeFiles/cmTC_9bd08.dir/build.make CMakeFiles/cmTC_9bd08.dir/build
make[1]: Wejście do katalogu '/home/filip/FlightSimulator/cmake-build-release/CMakeFiles/CMakeTmp'
Building C object CMakeFiles/cmTC_9bd08.dir/CheckFunctionExists.c.o
/usr/bin/cc   -DCHECK_FUNCTION_EXISTS=pthread_create   -o CMakeFiles/cmTC_9bd08.dir/CheckFunctionExists.c.o   -c /snap/clion/70/bin/cmake/linux/share/cmake-3.14/Modules/CheckFunctionExists.c
Linking C executable cmTC_9bd08
/snap/clion/70/bin/cmake/linux/bin/cmake -E cmake_link_script CMakeFiles/cmTC_9bd08.dir/link.txt --verbose=1
/usr/bin/cc  -DCHECK_FUNCTION_EXISTS=pthread_create    -rdynamic CMakeFiles/cmTC_9bd08.dir/CheckFunctionExists.c.o  -o cmTC_9bd08 -lpthreads 
/usr/bin/ld: cannot find -lpthreads
collect2: error: ld returned 1 exit status
CMakeFiles/cmTC_9bd08.dir/build.make:86: recipe for target 'cmTC_9bd08' failed
make[1]: *** [cmTC_9bd08] Error 1
make[1]: Opuszczenie katalogu '/home/filip/FlightSimulator/cmake-build-release/CMakeFiles/CMakeTmp'
Makefile:121: recipe for target 'cmTC_9bd08/fast' failed
make: *** [cmTC_9bd08/fast] Error 2


